2022-07-21 23:25:07,263 [main] INFO  org.springframework.boot.web.embedded.tomcat.TomcatWebServer(initialize:108) - Tomcat initialized with port(s): 8080 (http)
2022-07-21 23:25:07,350 [main] INFO  org.springframework.boot.web.servlet.context.ServletWebServerApplicationContext(prepareWebApplicationContext:289) - Root WebApplicationContext: initialization completed in 593 ms
2022-07-21 23:25:07,461 [main] INFO  org.springframework.scheduling.concurrent.ThreadPoolTaskExecutor(initialize:181) - Initializing ExecutorService 'applicationTaskExecutor'
2022-07-21 23:25:07,608 [main] INFO  org.springframework.boot.web.embedded.tomcat.TomcatWebServer(start:220) - Tomcat started on port(s): 8080 (http) with context path ''
2022-07-21 23:25:13,112 [http-nio-8080-exec-1] INFO  org.springframework.web.servlet.DispatcherServlet(initServletBean:525) - Initializing Servlet 'dispatcherServlet'
2022-07-21 23:25:13,113 [http-nio-8080-exec-1] INFO  org.springframework.web.servlet.DispatcherServlet(initServletBean:547) - Completed initialization in 0 ms
2022-07-21 23:26:19,494 [SpringContextShutdownHook] INFO  org.springframework.scheduling.concurrent.ThreadPoolTaskExecutor(shutdown:218) - Shutting down ExecutorService 'applicationTaskExecutor'
2022-07-21 23:26:22,999 [main] INFO  org.springframework.boot.web.embedded.tomcat.TomcatWebServer(initialize:108) - Tomcat initialized with port(s): 8080 (http)
2022-07-21 23:26:23,059 [main] INFO  org.springframework.boot.web.servlet.context.ServletWebServerApplicationContext(prepareWebApplicationContext:289) - Root WebApplicationContext: initialization completed in 495 ms
2022-07-21 23:26:23,154 [main] INFO  org.springframework.scheduling.concurrent.ThreadPoolTaskExecutor(initialize:181) - Initializing ExecutorService 'applicationTaskExecutor'
2022-07-21 23:26:23,289 [main] INFO  org.springframework.boot.web.embedded.tomcat.TomcatWebServer(start:220) - Tomcat started on port(s): 8080 (http) with context path ''
2022-07-21 23:26:28,486 [http-nio-8080-exec-1] INFO  org.springframework.web.servlet.DispatcherServlet(initServletBean:525) - Initializing Servlet 'dispatcherServlet'
2022-07-21 23:26:28,487 [http-nio-8080-exec-1] INFO  org.springframework.web.servlet.DispatcherServlet(initServletBean:547) - Completed initialization in 0 ms
2022-07-21 23:34:12,633 [SpringContextShutdownHook] INFO  org.springframework.scheduling.concurrent.ThreadPoolTaskExecutor(shutdown:218) - Shutting down ExecutorService 'applicationTaskExecutor'
2022-07-21 23:34:15,295 [main] INFO  org.springframework.boot.web.embedded.tomcat.TomcatWebServer(initialize:108) - Tomcat initialized with port(s): 8080 (http)
2022-07-21 23:34:15,359 [main] INFO  org.springframework.boot.web.servlet.context.ServletWebServerApplicationContext(prepareWebApplicationContext:289) - Root WebApplicationContext: initialization completed in 513 ms
2022-07-21 23:34:15,460 [main] INFO  org.springframework.scheduling.concurrent.ThreadPoolTaskExecutor(initialize:181) - Initializing ExecutorService 'applicationTaskExecutor'
2022-07-21 23:34:15,599 [main] INFO  org.springframework.boot.web.embedded.tomcat.TomcatWebServer(start:220) - Tomcat started on port(s): 8080 (http) with context path ''
2022-07-21 23:34:17,314 [http-nio-8080-exec-1] INFO  org.springframework.web.servlet.DispatcherServlet(initServletBean:525) - Initializing Servlet 'dispatcherServlet'
2022-07-21 23:34:17,315 [http-nio-8080-exec-1] INFO  org.springframework.web.servlet.DispatcherServlet(initServletBean:547) - Completed initialization in 1 ms
2022-07-21 23:34:33,028 [SpringContextShutdownHook] INFO  org.springframework.scheduling.concurrent.ThreadPoolTaskExecutor(shutdown:218) - Shutting down ExecutorService 'applicationTaskExecutor'
2022-07-21 23:34:35,643 [main] INFO  org.springframework.boot.web.embedded.tomcat.TomcatWebServer(initialize:108) - Tomcat initialized with port(s): 8080 (http)
2022-07-21 23:34:35,709 [main] INFO  org.springframework.boot.web.servlet.context.ServletWebServerApplicationContext(prepareWebApplicationContext:289) - Root WebApplicationContext: initialization completed in 515 ms
2022-07-21 23:34:35,809 [main] INFO  org.springframework.scheduling.concurrent.ThreadPoolTaskExecutor(initialize:181) - Initializing ExecutorService 'applicationTaskExecutor'
2022-07-21 23:34:35,943 [main] INFO  org.springframework.boot.web.embedded.tomcat.TomcatWebServer(start:220) - Tomcat started on port(s): 8080 (http) with context path ''
2022-07-21 23:34:38,232 [http-nio-8080-exec-1] INFO  org.springframework.web.servlet.DispatcherServlet(initServletBean:525) - Initializing Servlet 'dispatcherServlet'
2022-07-21 23:34:38,233 [http-nio-8080-exec-1] INFO  org.springframework.web.servlet.DispatcherServlet(initServletBean:547) - Completed initialization in 1 ms
2022-07-21 23:35:34,614 [SpringContextShutdownHook] INFO  org.springframework.scheduling.concurrent.ThreadPoolTaskExecutor(shutdown:218) - Shutting down ExecutorService 'applicationTaskExecutor'
2022-07-21 23:35:37,204 [main] INFO  org.springframework.boot.web.embedded.tomcat.TomcatWebServer(initialize:108) - Tomcat initialized with port(s): 8080 (http)
2022-07-21 23:35:37,267 [main] INFO  org.springframework.boot.web.servlet.context.ServletWebServerApplicationContext(prepareWebApplicationContext:289) - Root WebApplicationContext: initialization completed in 525 ms
2022-07-21 23:35:37,369 [main] INFO  org.springframework.scheduling.concurrent.ThreadPoolTaskExecutor(initialize:181) - Initializing ExecutorService 'applicationTaskExecutor'
2022-07-21 23:35:37,513 [main] INFO  org.springframework.boot.web.embedded.tomcat.TomcatWebServer(start:220) - Tomcat started on port(s): 8080 (http) with context path ''
2022-07-21 23:57:25,481 [http-nio-8080-exec-1] INFO  org.springframework.web.servlet.DispatcherServlet(initServletBean:525) - Initializing Servlet 'dispatcherServlet'
2022-07-21 23:57:25,482 [http-nio-8080-exec-1] INFO  org.springframework.web.servlet.DispatcherServlet(initServletBean:547) - Completed initialization in 1 ms
